0 info it worked if it ends with ok
1 verbose cli [ '/home/user/.nvm/versions/node/v0.12.3/bin/node',
1 verbose cli   '/home/user/.nvm/versions/node/v0.12.3/bin/npm',
1 verbose cli   'install',
1 verbose cli   'jasmine-ajax-mock',
1 verbose cli   '--save-dev' ]
2 info using npm@2.9.1
3 info using node@v0.12.3
4 verbose install initial load of /var/www/angular-grid/package.json
5 verbose installManyTop reading scoped package data from /var/www/angular-grid/node_modules/gulp/package.json
6 verbose installManyTop reading scoped package data from /var/www/angular-grid/node_modules/gulp-angular-templatecache/package.json
7 verbose installManyTop reading scoped package data from /var/www/angular-grid/node_modules/gulp-bower/package.json
8 verbose installManyTop reading scoped package data from /var/www/angular-grid/node_modules/gulp-coffee/package.json
9 verbose installManyTop reading scoped package data from /var/www/angular-grid/node_modules/gulp-concat/package.json
10 verbose installManyTop reading scoped package data from /var/www/angular-grid/node_modules/gulp-concat-sourcemap/package.json
11 verbose installManyTop reading scoped package data from /var/www/angular-grid/node_modules/gulp-ignore/package.json
12 verbose installManyTop reading scoped package data from /var/www/angular-grid/node_modules/gulp-jscs/package.json
13 verbose installManyTop reading scoped package data from /var/www/angular-grid/node_modules/gulp-livereload/package.json
14 verbose installManyTop reading scoped package data from /var/www/angular-grid/node_modules/gulp-minify-html/package.json
15 verbose installManyTop reading scoped package data from /var/www/angular-grid/node_modules/gulp-ng-annotate/package.json
16 verbose installManyTop reading scoped package data from /var/www/angular-grid/node_modules/gulp-plumber/package.json
17 verbose installManyTop reading scoped package data from /var/www/angular-grid/node_modules/gulp-protractor/package.json
18 verbose installManyTop reading scoped package data from /var/www/angular-grid/node_modules/gulp-rename/package.json
19 verbose installManyTop reading scoped package data from /var/www/angular-grid/node_modules/gulp-sourcemaps/package.json
20 verbose installManyTop reading scoped package data from /var/www/angular-grid/node_modules/gulp-uglify/package.json
21 verbose installManyTop reading scoped package data from /var/www/angular-grid/node_modules/gulp-umd/package.json
22 verbose installManyTop reading scoped package data from /var/www/angular-grid/node_modules/gulp-util/package.json
23 verbose installManyTop reading scoped package data from /var/www/angular-grid/node_modules/gulp-watch/package.json
24 verbose installManyTop reading scoped package data from /var/www/angular-grid/node_modules/gulp-wrap-js/package.json
25 verbose installManyTop reading scoped package data from /var/www/angular-grid/node_modules/gulp-wrap-umd/package.json
26 verbose installManyTop reading scoped package data from /var/www/angular-grid/node_modules/jasmine-ajax/package.json
27 verbose installManyTop reading scoped package data from /var/www/angular-grid/node_modules/jasmine-core/package.json
28 verbose installManyTop reading scoped package data from /var/www/angular-grid/node_modules/karma/package.json
29 verbose installManyTop reading scoped package data from /var/www/angular-grid/node_modules/karma-chrome-launcher/package.json
30 verbose installManyTop reading scoped package data from /var/www/angular-grid/node_modules/karma-jasmine/package.json
31 verbose installManyTop reading scoped package data from /var/www/angular-grid/node_modules/karma-jasmine-ajax/package.json
32 verbose installManyTop reading scoped package data from /var/www/angular-grid/node_modules/karma-phantomjs-launcher/package.json
33 verbose installManyTop reading scoped package data from /var/www/angular-grid/node_modules/karma-wrap-preprocessor/package.json
34 verbose installManyTop reading scoped package data from /var/www/angular-grid/node_modules/phantomjs/package.json
35 verbose readDependencies loading dependencies from /var/www/angular-grid/package.json
36 silly cache add args [ 'jasmine-ajax-mock', null ]
37 verbose cache add spec jasmine-ajax-mock
38 silly cache add parsed spec { raw: 'jasmine-ajax-mock',
38 silly cache add   scope: null,
38 silly cache add   name: 'jasmine-ajax-mock',
38 silly cache add   rawSpec: '',
38 silly cache add   spec: '*',
38 silly cache add   type: 'range' }
39 silly addNamed jasmine-ajax-mock@*
40 verbose addNamed "*" is a valid semver range for jasmine-ajax-mock
41 silly addNameRange { name: 'jasmine-ajax-mock', range: '*', hasData: false }
42 silly mapToRegistry name jasmine-ajax-mock
43 silly mapToRegistry using default registry
44 silly mapToRegistry registry https://registry.npmjs.org/
45 silly mapToRegistry uri https://registry.npmjs.org/jasmine-ajax-mock
46 verbose addNameRange registry:https://registry.npmjs.org/jasmine-ajax-mock not in flight; fetching
47 verbose request uri https://registry.npmjs.org/jasmine-ajax-mock
48 verbose request no auth needed
49 info attempt registry request try #1 at 10:05:02 AM
50 verbose request id 91c97133e982bebf
51 http request GET https://registry.npmjs.org/jasmine-ajax-mock
52 http 404 https://registry.npmjs.org/jasmine-ajax-mock
53 verbose headers { server: 'CouchDB/1.5.0 (Erlang OTP/R16B03)',
53 verbose headers   'content-type': 'application/json',
53 verbose headers   'cache-control': 'max-age=0',
53 verbose headers   'content-length': '51',
53 verbose headers   'accept-ranges': 'bytes',
53 verbose headers   date: 'Tue, 09 Jun 2015 07:05:02 GMT',
53 verbose headers   via: '1.1 varnish',
53 verbose headers   age: '0',
53 verbose headers   connection: 'keep-alive',
53 verbose headers   'x-served-by': 'cache-fra1243-FRA',
53 verbose headers   'x-cache': 'MISS',
53 verbose headers   'x-cache-hits': '0',
53 verbose headers   'x-timer': 'S1433833502.434266,VS0,VE432' }
54 silly get cb [ 404,
54 silly get   { server: 'CouchDB/1.5.0 (Erlang OTP/R16B03)',
54 silly get     'content-type': 'application/json',
54 silly get     'cache-control': 'max-age=0',
54 silly get     'content-length': '51',
54 silly get     'accept-ranges': 'bytes',
54 silly get     date: 'Tue, 09 Jun 2015 07:05:02 GMT',
54 silly get     via: '1.1 varnish',
54 silly get     age: '0',
54 silly get     connection: 'keep-alive',
54 silly get     'x-served-by': 'cache-fra1243-FRA',
54 silly get     'x-cache': 'MISS',
54 silly get     'x-cache-hits': '0',
54 silly get     'x-timer': 'S1433833502.434266,VS0,VE432' } ]
55 verbose stack Error: 404 Not Found: jasmine-ajax-mock
55 verbose stack     at CachingRegistryClient.<anonymous> (/home/user/.nvm/versions/node/v0.12.3/lib/node_modules/npm/node_modules/npm-registry-client/lib/request.js:245:14)
55 verbose stack     at Request._callback (/home/user/.nvm/versions/node/v0.12.3/lib/node_modules/npm/node_modules/npm-registry-client/lib/request.js:170:14)
55 verbose stack     at Request.self.callback (/home/user/.nvm/versions/node/v0.12.3/lib/node_modules/npm/node_modules/request/request.js:368:22)
55 verbose stack     at Request.emit (events.js:110:17)
55 verbose stack     at Request.<anonymous> (/home/user/.nvm/versions/node/v0.12.3/lib/node_modules/npm/node_modules/request/request.js:1219:14)
55 verbose stack     at Request.emit (events.js:129:20)
55 verbose stack     at IncomingMessage.<anonymous> (/home/user/.nvm/versions/node/v0.12.3/lib/node_modules/npm/node_modules/request/request.js:1167:12)
55 verbose stack     at IncomingMessage.emit (events.js:129:20)
55 verbose stack     at _stream_readable.js:908:16
55 verbose stack     at process._tickCallback (node.js:355:11)
56 verbose statusCode 404
57 verbose pkgid jasmine-ajax-mock
58 verbose cwd /var/www/angular-grid
59 error Linux 3.13.0-53-generic
60 error argv "/home/user/.nvm/versions/node/v0.12.3/bin/node" "/home/user/.nvm/versions/node/v0.12.3/bin/npm" "install" "jasmine-ajax-mock" "--save-dev"
61 error node v0.12.3
62 error npm  v2.9.1
63 error code E404
64 error 404 Not Found: jasmine-ajax-mock
64 error 404
64 error 404 'jasmine-ajax-mock' is not in the npm registry.
64 error 404 You should bug the author to publish it (or use the name yourself!)
64 error 404 It was specified as a dependency of 'angular-grid'
64 error 404
64 error 404 Note that you can also install from a
64 error 404 tarball, folder, http url, or git url.
65 verbose exit [ 1, true ]
